<?xml version="1.0" encoding="UTF-8"?>
<testsuite name="taller.IgualdadTest" tests="5" skipped="0" failures="0" errors="0" timestamp="2024-11-09T00:44:56" hostname="LAPTOP-SLSDBM48" time="0.012">
  <properties/>
  <testcase name="igualdad - conjuntos idénticos" classname="taller.IgualdadTest" time="0.002"/>
  <testcase name="igualdad - conjuntos con valores similares" classname="taller.IgualdadTest" time="0.001"/>
  <testcase name="igualdad - conjuntos invertidos" classname="taller.IgualdadTest" time="0.002"/>
  <testcase name="igualdad - subconjunto" classname="taller.IgualdadTest" time="0.003"/>
  <testcase name="igualdad - igualdad parcial en rango" classname="taller.IgualdadTest" time="0.001"/>
  <system-out><![CDATA[]]></system-out>
  <system-err><![CDATA[]]></system-err>
</testsuite>
